<?xml version="1.0" encoding="UTF-8"?>
<!-- Generated by org.testng.reporters.JUnitReportReporter -->
<testsuite skipped="0" hostname="RSI1526" name="br.com.rsinet.hub_TDD.cenarios.PesquisaPelaLupa2" tests="2" failures="0" timestamp="2020-02-12T13:35:55 BRST" time="31.733" errors="0">
  <testcase name="pesquisaComSucesso" time="19.105" classname="br.com.rsinet.hub_TDD.cenarios.PesquisaPelaLupa2"/>
  <testcase name="pesquisaComFalha" time="12.628" classname="br.com.rsinet.hub_TDD.cenarios.PesquisaPelaLupa2"/>
</testsuite> <!-- br.com.rsinet.hub_TDD.cenarios.PesquisaPelaLupa2 -->
