<?xml version="1.0" encoding="UTF-8"?>
<!-- Generated by org.testng.reporters.JUnitReportReporter -->
<testsuite skipped="0" hostname="RSI1526" name="br.com.rsinet.hub_TDD.cenarios.PesquisaPelaHome" tests="2" failures="0" timestamp="2020-02-12T13:57:59 BRST" time="43.692" errors="0">
  <testcase name="pesquisaComSucesso" time="21.173" classname="br.com.rsinet.hub_TDD.cenarios.PesquisaPelaHome"/>
  <testcase name="pesquisaComFalha" time="22.519" classname="br.com.rsinet.hub_TDD.cenarios.PesquisaPelaHome"/>
</testsuite> <!-- br.com.rsinet.hub_TDD.cenarios.PesquisaPelaHome -->
