<?xml version="1.0" encoding="UTF-8"?>
<!-- Generated by org.testng.reporters.JUnitReportReporter -->
<testsuite skipped="0" hostname="RSI1526" name="br.com.rsinet.hub_TDD.cenarios.Cadastro" tests="1" failures="0" timestamp="2020-02-11T19:44:03 BRST" time="37.892" errors="0">
  <testcase name="cadastrando" time="37.892" classname="br.com.rsinet.hub_TDD.cenarios.Cadastro"/>
</testsuite> <!-- br.com.rsinet.hub_TDD.cenarios.Cadastro -->
