<?xml version="1.0" encoding="UTF-8"?>
<!-- Generated by org.testng.reporters.JUnitReportReporter -->
<testsuite skipped="0" hostname="RSI1526" name="br.com.rsinet.hub_TDD.cenarios.PesquisaPelaLupa" tests="2" failures="0" timestamp="2020-02-12T15:54:59 BRST" time="33.770" errors="0">
  <testcase name="pesquisaComFalha" time="13.100" classname="br.com.rsinet.hub_TDD.cenarios.PesquisaPelaLupa"/>
  <testcase name="pesquisaComSucesso" time="20.670" classname="br.com.rsinet.hub_TDD.cenarios.PesquisaPelaLupa"/>
</testsuite> <!-- br.com.rsinet.hub_TDD.cenarios.PesquisaPelaLupa -->
