<?xml version="1.0" encoding="UTF-8"?>
<!-- Generated by org.testng.reporters.JUnitReportReporter -->
<testsuite skipped="0" hostname="RSI1526" name="br.com.rsinet.hub_TDD.cenarios.PesquisaPelaHome" tests="2" failures="0" timestamp="2020-02-12T15:58:09 BRST" time="46.487" errors="0">
  <testcase name="pesquisaComSucesso" time="22.792" classname="br.com.rsinet.hub_TDD.cenarios.PesquisaPelaHome"/>
  <testcase name="pesquisaComFalha" time="23.695" classname="br.com.rsinet.hub_TDD.cenarios.PesquisaPelaHome"/>
</testsuite> <!-- br.com.rsinet.hub_TDD.cenarios.PesquisaPelaHome -->
