<?xml version="1.0" encoding="UTF-8"?>
<!-- Generated by org.testng.reporters.JUnitReportReporter -->
<testsuite skipped="0" hostname="RSI1526" name="br.com.rsinet.hub_TDD.cenarios.Cadastro" tests="2" failures="0" timestamp="2020-02-12T13:57:59 BRST" time="79.053" errors="0">
  <testcase name="falhaNoCadastro" time="37.627" classname="br.com.rsinet.hub_TDD.cenarios.Cadastro"/>
  <testcase name="cadastrando" time="41.426" classname="br.com.rsinet.hub_TDD.cenarios.Cadastro"/>
</testsuite> <!-- br.com.rsinet.hub_TDD.cenarios.Cadastro -->
