<?xml version="1.0" encoding="UTF-8"?>
<!-- Generated by org.testng.reporters.JUnitReportReporter -->
<testsuite skipped="0" hostname="RSI1526" name="br.com.rsinet.hub_TDD.cenarios.PesquisaPelaHome" tests="2" failures="0" timestamp="2020-02-11T16:25:29 BRST" time="57.234" errors="0">
  <testcase name="pesquisaComFalha" time="30.181" classname="br.com.rsinet.hub_TDD.cenarios.PesquisaPelaHome"/>
  <testcase name="pesquisaComSucesso" time="27.053" classname="br.com.rsinet.hub_TDD.cenarios.PesquisaPelaHome"/>
</testsuite> <!-- br.com.rsinet.hub_TDD.cenarios.PesquisaPelaHome -->
